(Loading /usr/local/share/perl/5.38.2/LaTeXML/Package/TeX.pool.ltxml...
(Loading /usr/local/share/perl/5.38.2/LaTeXML/Package/eTeX.pool.ltxml... 0.00 sec)
(Loading /usr/local/share/perl/5.38.2/LaTeXML/Package/pdfTeX.pool.ltxml... 0.00 sec) 0.09 sec)
latexmlc (LaTeXML version 0.8.8)
invoked as [/usr/local/bin/latexmlc /home/spinoza/github/beta/infinigram/paper/main.tex --dest /tmp/tmpdjvipgt9/html/index.html --timeout=600 --format=html5]
processing started Wed Dec  3 00:59:53 2025
(Digesting TeX main...
(Processing content /home/spinoza/github/beta/infinigram/paper/main.tex...
(Loading /usr/local/share/perl/5.38.2/LaTeXML/Package/LaTeX.pool.ltxml...
(Loading /usr/local/share/perl/5.38.2/LaTeXML/Package/textcomp.sty.ltxml...
(Processing definitions /usr/share/texlive/texmf-dist/tex/latex/base/ts1enc.dfu... 0.01 sec) 0.62 sec) 0.76 sec)
(Loading /usr/local/share/perl/5.38.2/LaTeXML/Package/article.cls.ltxml... 0.01 sec)
(Loading /usr/local/share/perl/5.38.2/LaTeXML/Package/inputenc.sty.ltxml...
(Loading /usr/local/share/perl/5.38.2/LaTeXML/Package/utf8.def.ltxml... 0.00 sec) 0.01 sec)
(Loading /usr/local/share/perl/5.38.2/LaTeXML/Package/fontenc.sty.ltxml...
(Loading /usr/local/share/perl/5.38.2/LaTeXML/Package/t1enc.def.ltxml...
(Processing definitions /usr/share/texlive/texmf-dist/tex/latex/base/t1enc.def...
(Processing definitions /usr/share/texlive/texmf-dist/tex/latex/base/t1enc.dfu... 0.04 sec)
(Loading /usr/local/share/perl/5.38.2/LaTeXML/Package/t1.fontmap.ltxml... 0.00 sec) 0.08 sec) 0.08 sec) 0.08 sec)
(Loading /usr/local/share/perl/5.38.2/LaTeXML/Package/amsmath.sty.ltxml...
(Loading /usr/local/share/perl/5.38.2/LaTeXML/Package/amsbsy.sty.ltxml...
(Loading /usr/local/share/perl/5.38.2/LaTeXML/Package/amsgen.sty.ltxml... 0.00 sec) 0.01 sec)
(Loading /usr/local/share/perl/5.38.2/LaTeXML/Package/amstext.sty.ltxml... 0.00 sec)
(Loading /usr/local/share/perl/5.38.2/LaTeXML/Package/amsopn.sty.ltxml... 0.00 sec) 0.04 sec)
(Loading /usr/local/share/perl/5.38.2/LaTeXML/Package/amssymb.sty.ltxml...
(Loading /usr/local/share/perl/5.38.2/LaTeXML/Package/amsfonts.sty.ltxml... 0.00 sec) 0.01 sec)
(Loading /usr/local/share/perl/5.38.2/LaTeXML/Package/graphicx.sty.ltxml...
(Loading /usr/local/share/perl/5.38.2/LaTeXML/Package/graphics.sty.ltxml... 0.00 sec) 0.02 sec)
(Loading /usr/local/share/perl/5.38.2/LaTeXML/Package/hyperref.sty.ltxml...
(Loading /usr/local/share/perl/5.38.2/LaTeXML/Package/ltxcmds.sty.ltxml...
(Processing definitions /usr/share/texlive/texmf-dist/tex/generic/ltxcmds/ltxcmds.sty... 0.06 sec) 0.06 sec)
(Loading /usr/local/share/perl/5.38.2/LaTeXML/Package/keyval.sty.ltxml...
(Processing definitions /usr/share/texlive/texmf-dist/tex/latex/graphics/keyval.sty... 0.01 sec) 0.01 sec)
(Loading /usr/local/share/perl/5.38.2/LaTeXML/Package/kvsetkeys.sty.ltxml...
(Processing definitions /usr/share/texlive/texmf-dist/tex/latex/kvsetkeys/kvsetkeys.sty... 0.04 sec) 0.04 sec)
(Loading /usr/local/share/perl/5.38.2/LaTeXML/Package/kvdefinekeys.sty.ltxml...
(Processing definitions /usr/share/texlive/texmf-dist/tex/generic/kvdefinekeys/kvdefinekeys.sty... 0.02 sec) 0.02 sec)
(Loading /usr/local/share/perl/5.38.2/LaTeXML/Package/kvoptions.sty.ltxml...
(Processing definitions /usr/share/texlive/texmf-dist/tex/latex/kvoptions/kvoptions.sty... 0.09 sec) 0.09 sec)
(Loading /usr/local/share/perl/5.38.2/LaTeXML/Package/nameref.sty.ltxml...
(Loading /usr/local/share/perl/5.38.2/LaTeXML/Package/refcount.sty.ltxml...
(Processing definitions /usr/share/texlive/texmf-dist/tex/latex/refcount/refcount.sty...
(Loading /usr/local/share/perl/5.38.2/LaTeXML/Package/infwarerr.sty.ltxml...
(Processing definitions /usr/share/texlive/texmf-dist/tex/generic/infwarerr/infwarerr.sty... 0.03 sec) 0.03 sec) 0.07 sec) 0.07 sec)
(Loading /usr/local/share/perl/5.38.2/LaTeXML/Package/gettitlestring.sty.ltxml...
(Processing definitions /usr/share/texlive/texmf-dist/tex/generic/gettitlestring/gettitlestring.sty... 0.26 sec) 0.26 sec) 0.34 sec)
(Loading /usr/local/share/perl/5.38.2/LaTeXML/Package/url.sty.ltxml... 0.00 sec)
(Loading /usr/local/share/perl/5.38.2/LaTeXML/Package/bitset.sty.ltxml...
(Processing definitions /usr/share/texlive/texmf-dist/tex/generic/bitset/bitset.sty...
(Loading /usr/local/share/perl/5.38.2/LaTeXML/Package/intcalc.sty.ltxml...
(Processing definitions /usr/share/texlive/texmf-dist/tex/generic/intcalc/intcalc.sty... 0.03 sec) 0.04 sec)
(Loading /usr/local/share/perl/5.38.2/LaTeXML/Package/bigintcalc.sty.ltxml...
(Processing definitions /usr/share/texlive/texmf-dist/tex/generic/bigintcalc/bigintcalc.sty...
(Loading /usr/local/share/perl/5.38.2/LaTeXML/Package/pdftexcmds.sty.ltxml...
(Loading /usr/local/share/perl/5.38.2/LaTeXML/Package/iftex.sty.ltxml... 0.00 sec) 0.01 sec) 0.11 sec) 0.11 sec) 0.26 sec) 0.26 sec) 0.87 sec)
(Loading /usr/local/share/perl/5.38.2/LaTeXML/Package/booktabs.sty.ltxml... 0.00 sec)
(Loading /usr/local/share/perl/5.38.2/LaTeXML/Package/algorithm.sty.ltxml...
(Processing definitions /usr/share/texlive/texmf-dist/tex/latex/algorithms/algorithm.sty...
Info:misdefined:UTF8 input isn't valid under encoding UTF8
	at algorithm.sty; line 11 col 0 - line 11 col 0
(Loading /usr/local/share/perl/5.38.2/LaTeXML/Package/float.sty.ltxml... 0.00 sec)
(Loading /usr/local/share/perl/5.38.2/LaTeXML/Package/ifthen.sty.ltxml...
(Processing definitions /usr/share/texlive/texmf-dist/tex/latex/base/ifthen.sty... 0.01 sec) 0.01 sec) 0.03 sec) 0.04 sec)
(Loading /usr/local/share/perl/5.38.2/LaTeXML/Package/algpseudocode.sty.ltxml...
(Processing definitions /usr/share/texlive/texmf-dist/tex/latex/algorithmicx/algpseudocode.sty...
(Loading /usr/local/share/perl/5.38.2/LaTeXML/Package/algorithmicx.sty.ltxml...
(Processing definitions /usr/share/texlive/texmf-dist/tex/latex/algorithmicx/algorithmicx.sty...
Document Style algorithmicx 1.2 - a greatly improved `algorithmic' style
 0.12 sec) 0.12 sec)
Document Style - pseudocode environments for use with the `algorithmicx' style
 0.80 sec) 0.80 sec)
(Loading /usr/local/share/perl/5.38.2/LaTeXML/Package/geometry.sty.ltxml...
(Loading /usr/local/share/perl/5.38.2/LaTeXML/Package/ifpdf.sty.ltxml... 0.00 sec)
(Loading /usr/local/share/perl/5.38.2/LaTeXML/Package/ifvtex.sty.ltxml... 0.00 sec)
(Loading /usr/local/share/perl/5.38.2/LaTeXML/Package/ifxetex.sty.ltxml... 0.00 sec) 0.02 sec)
(Loading /usr/local/share/perl/5.38.2/LaTeXML/Package/natbib.sty.ltxml... 0.01 sec) 3.82 sec) 3.83 sec)
(Building...
(Loading compiled schema /usr/local/share/perl/5.38.2/LaTeXML/resources/RelaxNG/LaTeXML.model... 0.01 sec) 0.79 sec)
(Rewriting... 0.01 sec)
(Math Parsing 66 formulae ......
Warning:not_parsed:ATOM.ARROW.UNKNOWN>OPEN MathParser failed to match rule 'Anything'
	at main.tex; line 77 col 21 - line 77 col 52
	In "$\text{suffix}\leftarrow c[m-\ell+1:m]$"
	\text{suffix}[[UNKNOWN]] ←[[ARROW]] c[[UNKNOWN]]
	        > [[[OPEN]] m[[UNKNOWN]] -[[ADDOP]] ℓ[[UNKNOWN]] +[[ADDOP]] 1[[NUMBER]] :[[METARELOP]] m[[UNKNOWN]] ][[CLOSE]]
 0.45 sec)
Math parsing succeeded:
   ltx:XMArg: 43/43
   ltx:XMath: 65/66
   ltx:XMWrap: 0/1
Symbols assumed as simple identifiers (with # of occurences):
   'A{italic}' (5), 'D{caligraphic}' (2), 'D{italic}' (3), 'O{italic}' (7), 'P{italic}' (8), 'Q{caligraphic}' (2), 'S{italic}' (6), 'V{italic}' (2), 'alpha' (5), 'a{italic}' (3), 'b{italic}' (1), 'c{italic}' (13), 'd{italic}' (3), 'ell' (13), 'i{italic}' (2), 'j{italic}' (1), 'm{italic}' (8), 'n{italic}' (12), 'pi' (2), 'p{italic}' (2), 't{italic}' (11), 'w{italic}' (9)
Set MATHPARSER_SPECULATE to speculate on possible notations.
(Finalizing... 0.05 sec)
Conversion complete: 1 warning (See /home/spinoza/github/beta/infinigram/paper/main.latexml.log)
(post-processing...
(Scan index.html processing...
Scan: DBStatus: 304/0 objects
 0.03 sec)
(MakeBibliography index.html processing...
(Recursive MakeBibliography /home/spinoza/github/beta/infinigram/paper/references.bib...
(Loading /usr/local/share/perl/5.38.2/LaTeXML/Package/TeX.pool.ltxml...
(Loading /usr/local/share/perl/5.38.2/LaTeXML/Package/eTeX.pool.ltxml... 0.00 sec)
(Loading /usr/local/share/perl/5.38.2/LaTeXML/Package/pdfTeX.pool.ltxml... 0.00 sec) 0.10 sec)
(Loading /usr/local/share/perl/5.38.2/LaTeXML/Package/LaTeX.pool.ltxml...
(Loading /usr/local/share/perl/5.38.2/LaTeXML/Package/textcomp.sty.ltxml...
(Processing definitions /usr/share/texlive/texmf-dist/tex/latex/base/ts1enc.dfu... 0.01 sec) 0.02 sec) 0.17 sec)
(Loading /usr/local/share/perl/5.38.2/LaTeXML/Package/BibTeX.pool.ltxml... 0.01 sec)
(Loading /usr/local/share/perl/5.38.2/LaTeXML/Package/article.cls.ltxml... 0.01 sec)
(Loading /usr/local/share/perl/5.38.2/LaTeXML/Package/inputenc.sty.ltxml...
(Loading /usr/local/share/perl/5.38.2/LaTeXML/Package/utf8.def.ltxml... 0.00 sec) 0.01 sec)
(Loading /usr/local/share/perl/5.38.2/LaTeXML/Package/fontenc.sty.ltxml...
(Loading /usr/local/share/perl/5.38.2/LaTeXML/Package/t1enc.def.ltxml...
(Processing definitions /usr/share/texlive/texmf-dist/tex/latex/base/t1enc.def...
(Processing definitions /usr/share/texlive/texmf-dist/tex/latex/base/t1enc.dfu... 0.04 sec)
(Loading /usr/local/share/perl/5.38.2/LaTeXML/Package/t1.fontmap.ltxml... 0.00 sec) 0.08 sec) 0.08 sec) 0.09 sec)
(Loading /usr/local/share/perl/5.38.2/LaTeXML/Package/amsmath.sty.ltxml...
(Loading /usr/local/share/perl/5.38.2/LaTeXML/Package/amsbsy.sty.ltxml...
(Loading /usr/local/share/perl/5.38.2/LaTeXML/Package/amsgen.sty.ltxml... 0.00 sec) 0.01 sec)
(Loading /usr/local/share/perl/5.38.2/LaTeXML/Package/amstext.sty.ltxml... 0.00 sec)
(Loading /usr/local/share/perl/5.38.2/LaTeXML/Package/amsopn.sty.ltxml... 0.00 sec) 0.04 sec)
(Loading /usr/local/share/perl/5.38.2/LaTeXML/Package/amssymb.sty.ltxml...
(Loading /usr/local/share/perl/5.38.2/LaTeXML/Package/amsfonts.sty.ltxml... 0.00 sec) 0.01 sec)
(Loading /usr/local/share/perl/5.38.2/LaTeXML/Package/graphicx.sty.ltxml...
(Loading /usr/local/share/perl/5.38.2/LaTeXML/Package/graphics.sty.ltxml... 0.00 sec) 0.01 sec)
(Loading /usr/local/share/perl/5.38.2/LaTeXML/Package/hyperref.sty.ltxml...
(Loading /usr/local/share/perl/5.38.2/LaTeXML/Package/ltxcmds.sty.ltxml...
(Processing definitions /usr/share/texlive/texmf-dist/tex/generic/ltxcmds/ltxcmds.sty... 0.06 sec) 0.06 sec)
(Loading /usr/local/share/perl/5.38.2/LaTeXML/Package/keyval.sty.ltxml...
(Processing definitions /usr/share/texlive/texmf-dist/tex/latex/graphics/keyval.sty... 0.01 sec) 0.01 sec)
(Loading /usr/local/share/perl/5.38.2/LaTeXML/Package/kvsetkeys.sty.ltxml...
(Processing definitions /usr/share/texlive/texmf-dist/tex/latex/kvsetkeys/kvsetkeys.sty... 0.04 sec) 0.04 sec)
(Loading /usr/local/share/perl/5.38.2/LaTeXML/Package/kvdefinekeys.sty.ltxml...
(Processing definitions /usr/share/texlive/texmf-dist/tex/generic/kvdefinekeys/kvdefinekeys.sty... 0.02 sec) 0.02 sec)
(Loading /usr/local/share/perl/5.38.2/LaTeXML/Package/kvoptions.sty.ltxml...
(Processing definitions /usr/share/texlive/texmf-dist/tex/latex/kvoptions/kvoptions.sty... 0.09 sec) 0.09 sec)
(Loading /usr/local/share/perl/5.38.2/LaTeXML/Package/nameref.sty.ltxml...
(Loading /usr/local/share/perl/5.38.2/LaTeXML/Package/refcount.sty.ltxml...
(Processing definitions /usr/share/texlive/texmf-dist/tex/latex/refcount/refcount.sty...
(Loading /usr/local/share/perl/5.38.2/LaTeXML/Package/infwarerr.sty.ltxml...
(Processing definitions /usr/share/texlive/texmf-dist/tex/generic/infwarerr/infwarerr.sty... 0.03 sec) 0.03 sec) 0.07 sec) 0.08 sec)
(Loading /usr/local/share/perl/5.38.2/LaTeXML/Package/gettitlestring.sty.ltxml...
(Processing definitions /usr/share/texlive/texmf-dist/tex/generic/gettitlestring/gettitlestring.sty... 0.27 sec) 0.27 sec) 0.35 sec)
(Loading /usr/local/share/perl/5.38.2/LaTeXML/Package/url.sty.ltxml... 0.00 sec)
(Loading /usr/local/share/perl/5.38.2/LaTeXML/Package/bitset.sty.ltxml...
(Processing definitions /usr/share/texlive/texmf-dist/tex/generic/bitset/bitset.sty...
(Loading /usr/local/share/perl/5.38.2/LaTeXML/Package/intcalc.sty.ltxml...
(Processing definitions /usr/share/texlive/texmf-dist/tex/generic/intcalc/intcalc.sty... 0.03 sec) 0.04 sec)
(Loading /usr/local/share/perl/5.38.2/LaTeXML/Package/bigintcalc.sty.ltxml...
(Processing definitions /usr/share/texlive/texmf-dist/tex/generic/bigintcalc/bigintcalc.sty...
(Loading /usr/local/share/perl/5.38.2/LaTeXML/Package/pdftexcmds.sty.ltxml...
(Loading /usr/local/share/perl/5.38.2/LaTeXML/Package/iftex.sty.ltxml... 0.00 sec) 0.01 sec) 0.11 sec) 0.11 sec) 0.25 sec) 0.25 sec) 0.88 sec)
(Loading /usr/local/share/perl/5.38.2/LaTeXML/Package/booktabs.sty.ltxml... 0.00 sec)
(Loading /usr/local/share/perl/5.38.2/LaTeXML/Package/algorithm.sty.ltxml...
(Processing definitions /usr/share/texlive/texmf-dist/tex/latex/algorithms/algorithm.sty...
Info:misdefined:UTF8 input isn't valid under encoding UTF8
	at algorithm.sty; line 11 col 0 - line 11 col 0
(Loading /usr/local/share/perl/5.38.2/LaTeXML/Package/float.sty.ltxml... 0.00 sec)
(Loading /usr/local/share/perl/5.38.2/LaTeXML/Package/ifthen.sty.ltxml...
(Processing definitions /usr/share/texlive/texmf-dist/tex/latex/base/ifthen.sty... 0.01 sec) 0.01 sec) 0.04 sec) 0.04 sec)
(Loading /usr/local/share/perl/5.38.2/LaTeXML/Package/algpseudocode.sty.ltxml...
(Processing definitions /usr/share/texlive/texmf-dist/tex/latex/algorithmicx/algpseudocode.sty...
(Loading /usr/local/share/perl/5.38.2/LaTeXML/Package/algorithmicx.sty.ltxml...
(Processing definitions /usr/share/texlive/texmf-dist/tex/latex/algorithmicx/algorithmicx.sty...
Document Style algorithmicx 1.2 - a greatly improved `algorithmic' style
 0.12 sec) 0.12 sec)
Document Style - pseudocode environments for use with the `algorithmicx' style
 0.80 sec) 0.80 sec)
(Loading /usr/local/share/perl/5.38.2/LaTeXML/Package/geometry.sty.ltxml...
(Loading /usr/local/share/perl/5.38.2/LaTeXML/Package/ifpdf.sty.ltxml... 0.00 sec)
(Loading /usr/local/share/perl/5.38.2/LaTeXML/Package/ifvtex.sty.ltxml... 0.00 sec)
(Loading /usr/local/share/perl/5.38.2/LaTeXML/Package/ifxetex.sty.ltxml... 0.00 sec) 0.02 sec)
(Loading /usr/local/share/perl/5.38.2/LaTeXML/Package/natbib.sty.ltxml... 0.01 sec)
latexmlc (LaTeXML version 0.8.8)
invoked as [/usr/local/bin/latexmlc /home/spinoza/github/beta/infinigram/paper/main.tex --dest /tmp/tmpdjvipgt9/html/index.html --timeout=600 --format=html5]
recursive processing started Wed Dec  3 01:00:00 2025
(Digesting BibTeX references...
(Processing content /home/spinoza/github/beta/infinigram/paper/references.bib... 0.00 sec)
(Preparsing Bibliography references... 0.00 sec)
(Processing content Literal String... 0.37 sec) 0.38 sec)
(Building...
(Loading compiled schema /usr/local/share/perl/5.38.2/LaTeXML/resources/RelaxNG/LaTeXML.model... 0.01 sec) 0.20 sec)
(Rewriting... 0.00 sec)
(Finalizing... 0.01 sec)
recursive Conversion complete: No obvious problems
Status:conversion:0
 2.83 sec)
MakeBibliography: using bibliographies references]
MakeBibliography: 19 bibentries, 16 cited
Scan: DBStatus: 321/0 objects
 2.91 sec)
(CrossRef index.html processing... 0.02 sec)
(MathML::Presentation index.html 66 to process...
converted 66 Maths
 0.07 sec)
(XSLT[using LaTeXML-html5.xsl] index.html processing... 0.04 sec)
(Writer index.html processing... 0.00 sec) 3.07 sec)
Post-processing complete: No obvious problems
processing finished Wed Dec  3 01:00:01 2025
Status:conversion:1
